Using pre-set license
Built from '2020.3/release' branch; Version is '2020.3.2f1 (8fd9074bf66c) revision 9427207'; Using compiler version '192528614'; Build Type 'Release'
OS: 'Windows 10 Home; OS build 19042.685; Version 2009; 64bit' Language: 'en' Physical Memory: 6074 MB
BatchMode: 1, IsHumanControllingUs: 0, StartBugReporterOnCrash: 0, Is64bit: 1, IsPro: 0

 COMMAND LINE ARGUMENTS:
C:\Program Files\Unity\Hub\Editor\2020.3.2f1\Editor\Unity.exe
-adb2
-batchMode
-noUpm
-name
AssetImportWorker3
-projectPath
C:/Users/Connor/Repositories/Alfredo's Travels/Alfredo's Tiny Travels
-logFile
Logs/AssetImportWorker3.log
-srvPort
55731
Successfully changed project path to: C:/Users/Connor/Repositories/Alfredo's Travels/Alfredo's Tiny Travels
C:/Users/Connor/Repositories/Alfredo's Travels/Alfredo's Tiny Travels
Using Asset Import Pipeline V2.
Refreshing native plugins compatible for Editor in 133.77 ms, found 1 plugins.
Preloading 0 native plugins for Editor in 0.00 ms.
Initialize engine version: 2020.3.2f1 (8fd9074bf66c)
[Subsystems] Discovering subsystems at path C:/Program Files/Unity/Hub/Editor/2020.3.2f1/Editor/Data/Resources/UnitySubsystems
[Subsystems] Discovering subsystems at path C:/Users/Connor/Repositories/Alfredo's Travels/Alfredo's Tiny Travels/Assets
GfxDevice: creating device client; threaded=0
Direct3D:
    Version:  Direct3D 11.0 [level 11.1]
    Renderer: Intel(R) HD Graphics Family (ID=0xa16)
    Vendor:   
    VRAM:     2048 MB
    Driver:   10.18.15.4279
Initialize mono
Mono path[0] = 'C:/Program Files/Unity/Hub/Editor/2020.3.2f1/Editor/Data/Managed'
Mono path[1] = 'C:/Program Files/Unity/Hub/Editor/2020.3.2f1/Editor/Data/MonoBleedingEdge/lib/mono/unityjit'
Mono config path = 'C:/Program Files/Unity/Hub/Editor/2020.3.2f1/Editor/Data/MonoBleedingEdge/etc'
Using monoOptions --debugger-agent=transport=dt_socket,embedding=1,server=y,suspend=n,address=127.0.0.1:56232
Begin MonoManager ReloadAssembly
Registering precompiled unity dll's ...
Register platform support module: C:/Program Files/Unity/Hub/Editor/2020.3.2f1/Editor/Data/PlaybackEngines/WindowsStandaloneSupport/UnityEditor.WindowsStandalone.Extensions.dll
Registered in 0.003273 seconds.
Native extension for WindowsStandalone target not found
Refreshing native plugins compatible for Editor in 79.52 ms, found 1 plugins.
Preloading 0 native plugins for Editor in 0.00 ms.
Invoked RoslynAnalysisRunner static constructor.
RoslynAnalysisRunner will not be running.
RoslynAnalysisRunner has terminated.
Mono: successfully reloaded assembly
- Completed reload, in  1.684 seconds
Platform modules already initialized, skipping
Registering precompiled user dll's ...
Registered in 0.001565 seconds.
Begin MonoManager ReloadAssembly
Native extension for WindowsStandalone target not found
Refreshing native plugins compatible for Editor in 77.56 ms, found 1 plugins.
Preloading 0 native plugins for Editor in 0.00 ms.
Invoked RoslynAnalysisRunner static constructor.
RoslynAnalysisRunner will not be running.
RoslynAnalysisRunner has terminated.
Mono: successfully reloaded assembly
- Completed reload, in  2.143 seconds
Platform modules already initialized, skipping
========================================================================
Worker process is ready to serve import requests
Launched and connected shader compiler UnityShaderCompiler.exe after 0.39 seconds
Refreshing native plugins compatible for Editor in 0.63 ms, found 1 plugins.
Preloading 0 native plugins for Editor in 0.00 ms.
Unloading 2106 Unused Serialized files (Serialized files now loaded: 0)
System memory in use before: 95.6 MB.
System memory in use after: 95.7 MB.

Unloading 21 unused Assets to reduce memory usage. Loaded Objects now: 2554.
Total: 3.740200 ms (FindLiveObjects: 0.332700 ms CreateObjectMapping: 0.167100 ms MarkObjects: 3.122500 ms  DeleteObjects: 0.115700 ms)

========================================================================
Received Import Request.
  path: Assets/Sprites/Floor.png
  artifactKey: Guid(6e5af8b5398dc9d429abd19d01d015a9) Importer(815301076,1909f56bfc062723c751e8b465ee728b)
Start importing Assets/Sprites/Floor.png using Guid(6e5af8b5398dc9d429abd19d01d015a9) Importer(815301076,1909f56bfc062723c751e8b465ee728b)  -> (artifact id: 'bae33da742de499b8f9deb34932eb7aa') in 0.748084 seconds
  Import took 0.754225 seconds .

========================================================================
Received Import Request.
  Time since last request: 0.000311 seconds.
  path: Assets/Sprites/Stone.asset
  artifactKey: Guid(e620ba312c7d88d4888bba9a02d17c83) Importer(815301076,1909f56bfc062723c751e8b465ee728b)
Start importing Assets/Sprites/Stone.asset using Guid(e620ba312c7d88d4888bba9a02d17c83) Importer(815301076,1909f56bfc062723c751e8b465ee728b)  -> (artifact id: 'c74e25514524d4be136e73f359664425') in 0.485197 seconds
  Import took 0.576465 seconds .

========================================================================
Received Import Request.
  Time since last request: 0.000304 seconds.
  path: Assets/Controller/CharacterController2D.cs
  artifactKey: Guid(ba8cba6d49c47454cb2524912bc47df1) Importer(815301076,1909f56bfc062723c751e8b465ee728b)
Start importing Assets/Controller/CharacterController2D.cs using Guid(ba8cba6d49c47454cb2524912bc47df1) Importer(815301076,1909f56bfc062723c751e8b465ee728b)  -> (artifact id: 'e8b38716599c442d782054a0e75a357c') in 0.334603 seconds
  Import took 0.368735 seconds .

========================================================================
Received Import Request.
  Time since last request: 0.000297 seconds.
  path: Assets/Sprites/Ball.png
  artifactKey: Guid(fc769c552b75a594d8eb393878517c2e) Importer(815301076,1909f56bfc062723c751e8b465ee728b)
Start importing Assets/Sprites/Ball.png using Guid(fc769c552b75a594d8eb393878517c2e) Importer(815301076,1909f56bfc062723c751e8b465ee728b)  -> (artifact id: '31bf39e5748ad7798e25c1458c46b3c4') in 0.064691 seconds
  Import took 0.085368 seconds .

========================================================================
Received Import Request.
  Time since last request: 0.000253 seconds.
  path: Assets/Sprites/Stone.png
  artifactKey: Guid(711830ec9bff05d498d6bf687eb6c5b2) Importer(815301076,1909f56bfc062723c751e8b465ee728b)
Start importing Assets/Sprites/Stone.png using Guid(711830ec9bff05d498d6bf687eb6c5b2) Importer(815301076,1909f56bfc062723c751e8b465ee728b)  -> (artifact id: 'fe7ecbb60117abffee755439fbb29365') in 0.044346 seconds
  Import took 0.052554 seconds .

========================================================================
Received Import Request.
  Time since last request: 0.000255 seconds.
  path: Assets/Scenes/SampleScene.unity
  artifactKey: Guid(2cda990e2423bbf4892e6590ba056729) Importer(815301076,1909f56bfc062723c751e8b465ee728b)
Start importing Assets/Scenes/SampleScene.unity using Guid(2cda990e2423bbf4892e6590ba056729) Importer(815301076,1909f56bfc062723c751e8b465ee728b)  -> (artifact id: '53b41ab97f224fc5328c9d97f0f96bca') in 0.018795 seconds
  Import took 0.031772 seconds .

========================================================================
Received Import Request.
  Time since last request: 0.000276 seconds.
  path: Assets/Controller/ControlInputs.inputactions
  artifactKey: Guid(2e590fa1b6fc1a843beda78ea03f27ff) Importer(815301076,1909f56bfc062723c751e8b465ee728b)
Start importing Assets/Controller/ControlInputs.inputactions using Guid(2e590fa1b6fc1a843beda78ea03f27ff) Importer(815301076,1909f56bfc062723c751e8b465ee728b)  -> (artifact id: '2ab9707875d62bbe612c38ccf56923c8') in 0.069239 seconds
  Import took 0.076143 seconds .

========================================================================
Received Import Request.
  Time since last request: 0.000313 seconds.
  path: Assets/Controller/InputSystem.inputsettings.asset
  artifactKey: Guid(1b784f9a12755e34c80869e420d6a97a) Importer(815301076,1909f56bfc062723c751e8b465ee728b)
Start importing Assets/Controller/InputSystem.inputsettings.asset using Guid(1b784f9a12755e34c80869e420d6a97a) Importer(815301076,1909f56bfc062723c751e8b465ee728b)  -> (artifact id: '43ae323c9e091dbdfd2042b60b662ba5') in 0.022780 seconds
  Import took 0.029630 seconds .

========================================================================
Received Import Request.
  Time since last request: 0.000298 seconds.
  path: Assets/Sprites/World.prefab
  artifactKey: Guid(61907a4f719811c4686f9cc22af1d84b) Importer(815301076,1909f56bfc062723c751e8b465ee728b)
Start importing Assets/Sprites/World.prefab using Guid(61907a4f719811c4686f9cc22af1d84b) Importer(815301076,1909f56bfc062723c751e8b465ee728b)  -> (artifact id: 'f399d6d0b454e751901f37172c4d4e83') in 0.035834 seconds
  Import took 0.044623 seconds .

========================================================================
Received Import Request.
  Time since last request: 0.000631 seconds.
  path: Assets/Sprites/Hamster.png
  artifactKey: Guid(e8670f0e6672d4d45bc2014c9a73b179) Importer(815301076,1909f56bfc062723c751e8b465ee728b)
Start importing Assets/Sprites/Hamster.png using Guid(e8670f0e6672d4d45bc2014c9a73b179) Importer(815301076,1909f56bfc062723c751e8b465ee728b)  -> (artifact id: '234eaaf8dc9b834224778931b759afe1') in 0.094963 seconds
  Import took 0.100502 seconds .

========================================================================
Received Prepare
Registering precompiled user dll's ...
Registered in 0.001801 seconds.
Begin MonoManager ReloadAssembly
Native extension for WindowsStandalone target not found
Refreshing native plugins compatible for Editor in 0.58 ms, found 1 plugins.
Preloading 0 native plugins for Editor in 0.00 ms.
Invoked RoslynAnalysisRunner static constructor.
RoslynAnalysisRunner will not be running.
RoslynAnalysisRunner has terminated.
Mono: successfully reloaded assembly
- Completed reload, in  1.391 seconds
Platform modules already initialized, skipping
Refreshing native plugins compatible for Editor in 0.70 ms, found 1 plugins.
Preloading 0 native plugins for Editor in 0.00 ms.
Unloading 2095 Unused Serialized files (Serialized files now loaded: 0)
System memory in use before: 98.2 MB.
System memory in use after: 98.3 MB.

Unloading 7 unused Assets to reduce memory usage. Loaded Objects now: 2572.
Total: 3.820200 ms (FindLiveObjects: 0.420100 ms CreateObjectMapping: 0.305700 ms MarkObjects: 3.061100 ms  DeleteObjects: 0.031400 ms)

========================================================================
Received Prepare
Registering precompiled user dll's ...
Registered in 0.001396 seconds.
Begin MonoManager ReloadAssembly
Native extension for WindowsStandalone target not found
Refreshing native plugins compatible for Editor in 0.85 ms, found 1 plugins.
Preloading 0 native plugins for Editor in 0.00 ms.
Invoked RoslynAnalysisRunner static constructor.
RoslynAnalysisRunner will not be running.
RoslynAnalysisRunner has terminated.
Mono: successfully reloaded assembly
- Completed reload, in  1.697 seconds
Platform modules already initialized, skipping
Refreshing native plugins compatible for Editor in 1.07 ms, found 1 plugins.
Preloading 0 native plugins for Editor in 0.00 ms.
Unloading 2095 Unused Serialized files (Serialized files now loaded: 0)
System memory in use before: 98.2 MB.
System memory in use after: 98.4 MB.

Unloading 7 unused Assets to reduce memory usage. Loaded Objects now: 2576.
Total: 3.282800 ms (FindLiveObjects: 0.325900 ms CreateObjectMapping: 0.178200 ms MarkObjects: 2.742900 ms  DeleteObjects: 0.033800 ms)

========================================================================
Received Import Request.
  Time since last request: 708.950740 seconds.
  path: Assets/Controller/CharacterController2D.cs
  artifactKey: Guid(ba8cba6d49c47454cb2524912bc47df1) Importer(815301076,1909f56bfc062723c751e8b465ee728b)
Start importing Assets/Controller/CharacterController2D.cs using Guid(ba8cba6d49c47454cb2524912bc47df1) Importer(815301076,1909f56bfc062723c751e8b465ee728b)  -> (artifact id: '15cc6282b34d83aa3b34ac5c2b63fc12') in 0.011409 seconds
  Import took 0.035530 seconds .

========================================================================
Received Prepare
Registering precompiled user dll's ...
Registered in 0.011555 seconds.
Begin MonoManager ReloadAssembly
Native extension for WindowsStandalone target not found
Refreshing native plugins compatible for Editor in 0.57 ms, found 1 plugins.
Preloading 0 native plugins for Editor in 0.00 ms.
Invoked RoslynAnalysisRunner static constructor.
RoslynAnalysisRunner will not be running.
RoslynAnalysisRunner has terminated.
Mono: successfully reloaded assembly
- Completed reload, in  1.390 seconds
Platform modules already initialized, skipping
Refreshing native plugins compatible for Editor in 1.47 ms, found 1 plugins.
Preloading 0 native plugins for Editor in 0.00 ms.
Unloading 2095 Unused Serialized files (Serialized files now loaded: 0)
System memory in use before: 98.3 MB.
System memory in use after: 98.4 MB.

Unloading 7 unused Assets to reduce memory usage. Loaded Objects now: 2580.
Total: 3.901500 ms (FindLiveObjects: 0.346600 ms CreateObjectMapping: 0.169200 ms MarkObjects: 3.356400 ms  DeleteObjects: 0.026800 ms)

AssetImportWorkerClient::OnTransportError - code=2 error=End of file
